<?xml version="1.0" encoding="UTF-8"?>
<!-- Generated by org.testng.reporters.JUnitReportReporter -->
<testsuite hostname="LAPTOP-84AOTKRB" failures="0" tests="1" name="tugas4.test.SauceDemo" time="1.286" errors="0" timestamp="2022-08-08T22:58:22 ICT" skipped="0">
  <testcase classname="tugas4.test.SauceDemo" name="checkoutTest" time="1.286"/>
  <system-out/>
</testsuite> <!-- tugas4.test.SauceDemo -->
