<?xml version="1.0" encoding="UTF-8"?>
<!-- Generated by org.testng.reporters.JUnitReportReporter -->
<testsuite hostname="LAPTOP-84AOTKRB" failures="0" tests="1" name="APITest" time="3.024" errors="0" timestamp="2022-08-11T08:58:14 ICT" skipped="0">
  <testcase classname="APITest" name="signUp" time="3.024"/>
  <system-out/>
</testsuite> <!-- APITest -->
