<?xml version="1.0" encoding="UTF-8"?>
<!-- Generated by org.testng.reporters.JUnitReportReporter -->
<testsuite hostname="LAPTOP-84AOTKRB" failures="0" tests="1" name="tugas3.test.YopMailTest" time="6.212" errors="0" timestamp="2022-08-08T22:26:08 ICT" skipped="0">
  <testcase classname="tugas3.test.YopMailTest" name="findMailTest" time="6.212"/>
  <system-out/>
</testsuite> <!-- tugas3.test.YopMailTest -->
